<?xml version="1.0" encoding="UTF-8"?>
<!-- Generated by org.testng.reporters.JUnitXMLReporter -->
<testsuite ignored="0" hostname="DESKTOP-BHQ563I" failures="0" tests="6" name="chromeTest" time="0.093" errors="0" timestamp="2024-11-07T16:21:13 IST">
  <testcase classname="com.Ecommerce.instaSnap.ProductTest.VerifyElectronicProduct" name="createProduct" time="0.01"/>
  <testcase classname="com.Ecommerce.instaSnap.ProductTest.VerifyElectronicProduct" name="updateProduct" time="0.001"/>
  <testcase classname="com.Ecommerce.instaSnap.ProductTest.VerifyElectronicProduct" name="updateProduct" time="0.002"/>
  <testcase classname="com.Ecommerce.instaSnap.ProductTest.VerifyKidsProduct" name="createProduct" time="0.002"/>
  <testcase classname="com.Ecommerce.instaSnap.ProductTest.VerifyKidsProduct" name="updateProduct" time="0.002"/>
  <testcase classname="com.Ecommerce.instaSnap.ProductTest.VerifyKidsProduct" name="updateProduct" time="0.001"/>
</testsuite> <!-- chromeTest -->
