<?xml version="1.0" encoding="UTF-8"?>
<testng-results ignored="0" total="6" passed="6" failed="0" skipped="0">
  <reporter-output>
    <line>
      <![CDATA[Browser launched successfully]]>
    </line>
    <line>
      <![CDATA[login successfully]]>
    </line>
    <line>
      <![CDATA[Electronic product created]]>
    </line>
    <line>
      <![CDATA[logout successfully]]>
    </line>
    <line>
      <![CDATA[login successfully]]>
    </line>
    <line>
      <![CDATA[Electronic product updated]]>
    </line>
    <line>
      <![CDATA[logout successfully]]>
    </line>
    <line>
      <![CDATA[login successfully]]>
    </line>
    <line>
      <![CDATA[Electronic product updated]]>
    </line>
    <line>
      <![CDATA[logout successfully]]>
    </line>
    <line>
      <![CDATA[Browser closed successfully]]>
    </line>
    <line>
      <![CDATA[Browser launched successfully]]>
    </line>
    <line>
      <![CDATA[login successfully]]>
    </line>
    <line>
      <![CDATA[kids product created]]>
    </line>
    <line>
      <![CDATA[logout successfully]]>
    </line>
    <line>
      <![CDATA[login successfully]]>
    </line>
    <line>
      <![CDATA[kids product updated]]>
    </line>
    <line>
      <![CDATA[logout successfully]]>
    </line>
    <line>
      <![CDATA[login successfully]]>
    </line>
    <line>
      <![CDATA[kids product updated]]>
    </line>
    <line>
      <![CDATA[logout successfully]]>
    </line>
    <line>
      <![CDATA[Browser closed successfully]]>
    </line>
  </reporter-output>
  <suite started-at="2024-11-07T16:21:12 IST" name="Suite" finished-at="2024-11-07T16:21:12 IST" duration-ms="93">
    <groups>
    </groups>
    <test started-at="2024-11-07T16:21:12 IST" name="chromeTest" finished-at="2024-11-07T16:21:12 IST" duration-ms="93">
      <class name="com.Ecommerce.instaSnap.ProductTest.VerifyElectronicProduct">
        <test-method is-config="true" signature="BrowserSetup()[pri:0, instance:com.Ecommerce.instaSnap.ProductTest.VerifyElectronicProduct@5824a83d]" started-at="2024-11-07T16:21:12 IST" name="BrowserSetup" finished-at="2024-11-07T16:21:12 IST" duration-ms="11" status="PASS">
          <reporter-output>
            <line>
              <![CDATA[Browser launched successfully]]>
            </line>
          </reporter-output>
        </test-method> <!-- BrowserSetup -->
        <test-method is-config="true" signature="login()[pri:0, instance:com.Ecommerce.instaSnap.ProductTest.VerifyElectronicProduct@5824a83d]" started-at="2024-11-07T16:21:12 IST" name="login" finished-at="2024-11-07T16:21:12 IST" duration-ms="0" status="PASS">
          <reporter-output>
            <line>
              <![CDATA[login successfully]]>
            </line>
          </reporter-output>
        </test-method> <!-- login -->
        <test-method signature="createProduct()[pri:1, instance:com.Ecommerce.instaSnap.ProductTest.VerifyElectronicProduct@5824a83d]" started-at="2024-11-07T16:21:12 IST" name="createProduct" finished-at="2024-11-07T16:21:12 IST" duration-ms="10" status="PASS">
          <reporter-output>
            <line>
              <![CDATA[Electronic product created]]>
            </line>
          </reporter-output>
        </test-method> <!-- createProduct -->
        <test-method is-config="true" signature="logout()[pri:0, instance:com.Ecommerce.instaSnap.ProductTest.VerifyElectronicProduct@5824a83d]" started-at="2024-11-07T16:21:12 IST" name="logout" finished-at="2024-11-07T16:21:12 IST" duration-ms="1" status="PASS">
          <reporter-output>
            <line>
              <![CDATA[logout successfully]]>
            </line>
          </reporter-output>
        </test-method> <!-- logout -->
        <test-method is-config="true" signature="login()[pri:0, instance:com.Ecommerce.instaSnap.ProductTest.VerifyElectronicProduct@5824a83d]" started-at="2024-11-07T16:21:12 IST" name="login" finished-at="2024-11-07T16:21:12 IST" duration-ms="1" status="PASS">
          <reporter-output>
            <line>
              <![CDATA[login successfully]]>
            </line>
          </reporter-output>
        </test-method> <!-- login -->
        <test-method signature="updateProduct()[pri:2, instance:com.Ecommerce.instaSnap.ProductTest.VerifyElectronicProduct@5824a83d]" started-at="2024-11-07T16:21:12 IST" name="updateProduct" finished-at="2024-11-07T16:21:12 IST" depends-on-methods="com.Ecommerce.instaSnap.ProductTest.VerifyElectronicProduct.createProduct" duration-ms="1" status="PASS">
          <reporter-output>
            <line>
              <![CDATA[Electronic product updated]]>
            </line>
          </reporter-output>
        </test-method> <!-- updateProduct -->
        <test-method is-config="true" signature="logout()[pri:0, instance:com.Ecommerce.instaSnap.ProductTest.VerifyElectronicProduct@5824a83d]" started-at="2024-11-07T16:21:12 IST" name="logout" finished-at="2024-11-07T16:21:12 IST" duration-ms="0" status="PASS">
          <reporter-output>
            <line>
              <![CDATA[logout successfully]]>
            </line>
          </reporter-output>
        </test-method> <!-- logout -->
        <test-method signature="updateProduct()[pri:2, instance:com.Ecommerce.instaSnap.ProductTest.VerifyElectronicProduct@5824a83d]" started-at="2024-11-07T16:21:12 IST" name="updateProduct" finished-at="2024-11-07T16:21:12 IST" depends-on-methods="com.Ecommerce.instaSnap.ProductTest.VerifyElectronicProduct.createProduct" duration-ms="2" status="PASS">
          <reporter-output>
            <line>
              <![CDATA[Electronic product updated]]>
            </line>
          </reporter-output>
        </test-method> <!-- updateProduct -->
        <test-method is-config="true" signature="login()[pri:0, instance:com.Ecommerce.instaSnap.ProductTest.VerifyElectronicProduct@5824a83d]" started-at="2024-11-07T16:21:12 IST" name="login" finished-at="2024-11-07T16:21:12 IST" duration-ms="0" status="PASS">
          <reporter-output>
            <line>
              <![CDATA[login successfully]]>
            </line>
          </reporter-output>
        </test-method> <!-- login -->
        <test-method is-config="true" signature="logout()[pri:0, instance:com.Ecommerce.instaSnap.ProductTest.VerifyElectronicProduct@5824a83d]" started-at="2024-11-07T16:21:12 IST" name="logout" finished-at="2024-11-07T16:21:12 IST" duration-ms="1" status="PASS">
          <reporter-output>
            <line>
              <![CDATA[logout successfully]]>
            </line>
          </reporter-output>
        </test-method> <!-- logout -->
        <test-method is-config="true" signature="terminateBrowser()[pri:0, instance:com.Ecommerce.instaSnap.ProductTest.VerifyElectronicProduct@5824a83d]" started-at="2024-11-07T16:21:12 IST" name="terminateBrowser" finished-at="2024-11-07T16:21:12 IST" duration-ms="1" status="PASS">
          <reporter-output>
            <line>
              <![CDATA[Browser closed successfully]]>
            </line>
          </reporter-output>
        </test-method> <!-- terminateBrowser -->
      </class> <!-- com.Ecommerce.instaSnap.ProductTest.VerifyElectronicProduct -->
      <class name="com.Ecommerce.instaSnap.ProductTest.VerifyKidsProduct">
        <test-method is-config="true" signature="BrowserSetup()[pri:0, instance:com.Ecommerce.instaSnap.ProductTest.VerifyKidsProduct@791f145a]" started-at="2024-11-07T16:21:12 IST" name="BrowserSetup" finished-at="2024-11-07T16:21:12 IST" duration-ms="0" status="PASS">
          <reporter-output>
            <line>
              <![CDATA[Browser launched successfully]]>
            </line>
          </reporter-output>
        </test-method> <!-- BrowserSetup -->
        <test-method is-config="true" signature="login()[pri:0, instance:com.Ecommerce.instaSnap.ProductTest.VerifyKidsProduct@791f145a]" started-at="2024-11-07T16:21:12 IST" name="login" finished-at="2024-11-07T16:21:12 IST" duration-ms="0" status="PASS">
          <reporter-output>
            <line>
              <![CDATA[login successfully]]>
            </line>
          </reporter-output>
        </test-method> <!-- login -->
        <test-method signature="createProduct()[pri:1, instance:com.Ecommerce.instaSnap.ProductTest.VerifyKidsProduct@791f145a]" started-at="2024-11-07T16:21:12 IST" name="createProduct" finished-at="2024-11-07T16:21:12 IST" duration-ms="2" status="PASS">
          <reporter-output>
            <line>
              <![CDATA[kids product created]]>
            </line>
          </reporter-output>
        </test-method> <!-- createProduct -->
        <test-method is-config="true" signature="logout()[pri:0, instance:com.Ecommerce.instaSnap.ProductTest.VerifyKidsProduct@791f145a]" started-at="2024-11-07T16:21:12 IST" name="logout" finished-at="2024-11-07T16:21:12 IST" duration-ms="1" status="PASS">
          <reporter-output>
            <line>
              <![CDATA[logout successfully]]>
            </line>
          </reporter-output>
        </test-method> <!-- logout -->
        <test-method is-config="true" signature="login()[pri:0, instance:com.Ecommerce.instaSnap.ProductTest.VerifyKidsProduct@791f145a]" started-at="2024-11-07T16:21:12 IST" name="login" finished-at="2024-11-07T16:21:12 IST" duration-ms="0" status="PASS">
          <reporter-output>
            <line>
              <![CDATA[login successfully]]>
            </line>
          </reporter-output>
        </test-method> <!-- login -->
        <test-method signature="updateProduct()[pri:2, instance:com.Ecommerce.instaSnap.ProductTest.VerifyKidsProduct@791f145a]" started-at="2024-11-07T16:21:12 IST" name="updateProduct" finished-at="2024-11-07T16:21:12 IST" depends-on-methods="com.Ecommerce.instaSnap.ProductTest.VerifyKidsProduct.createProduct" duration-ms="2" status="PASS">
          <reporter-output>
            <line>
              <![CDATA[kids product updated]]>
            </line>
          </reporter-output>
        </test-method> <!-- updateProduct -->
        <test-method is-config="true" signature="logout()[pri:0, instance:com.Ecommerce.instaSnap.ProductTest.VerifyKidsProduct@791f145a]" started-at="2024-11-07T16:21:12 IST" name="logout" finished-at="2024-11-07T16:21:12 IST" duration-ms="0" status="PASS">
          <reporter-output>
            <line>
              <![CDATA[logout successfully]]>
            </line>
          </reporter-output>
        </test-method> <!-- logout -->
        <test-method is-config="true" signature="login()[pri:0, instance:com.Ecommerce.instaSnap.ProductTest.VerifyKidsProduct@791f145a]" started-at="2024-11-07T16:21:12 IST" name="login" finished-at="2024-11-07T16:21:12 IST" duration-ms="1" status="PASS">
          <reporter-output>
            <line>
              <![CDATA[login successfully]]>
            </line>
          </reporter-output>
        </test-method> <!-- login -->
        <test-method signature="updateProduct()[pri:2, instance:com.Ecommerce.instaSnap.ProductTest.VerifyKidsProduct@791f145a]" started-at="2024-11-07T16:21:12 IST" name="updateProduct" finished-at="2024-11-07T16:21:12 IST" depends-on-methods="com.Ecommerce.instaSnap.ProductTest.VerifyKidsProduct.createProduct" duration-ms="1" status="PASS">
          <reporter-output>
            <line>
              <![CDATA[kids product updated]]>
            </line>
          </reporter-output>
        </test-method> <!-- updateProduct -->
        <test-method is-config="true" signature="logout()[pri:0, instance:com.Ecommerce.instaSnap.ProductTest.VerifyKidsProduct@791f145a]" started-at="2024-11-07T16:21:12 IST" name="logout" finished-at="2024-11-07T16:21:12 IST" duration-ms="0" status="PASS">
          <reporter-output>
            <line>
              <![CDATA[logout successfully]]>
            </line>
          </reporter-output>
        </test-method> <!-- logout -->
        <test-method is-config="true" signature="terminateBrowser()[pri:0, instance:com.Ecommerce.instaSnap.ProductTest.VerifyKidsProduct@791f145a]" started-at="2024-11-07T16:21:12 IST" name="terminateBrowser" finished-at="2024-11-07T16:21:12 IST" duration-ms="1" status="PASS">
          <reporter-output>
            <line>
              <![CDATA[Browser closed successfully]]>
            </line>
          </reporter-output>
        </test-method> <!-- terminateBrowser -->
      </class> <!-- com.Ecommerce.instaSnap.ProductTest.VerifyKidsProduct -->
    </test> <!-- chromeTest -->
  </suite> <!-- Suite -->
</testng-results>
